\BOOKMARK [0][-]{chapter.1}{\376\377\000I\000n\000t\000r\000o\000d\000u\000c\000t\000i\000o\000n}{}% 1
\BOOKMARK [0][-]{chapter.2}{\376\377\000D\000i\000s\000c\000r\000e\000t\000e\000\040\000H\000o\000p\000f\000i\000e\000l\000d\000\040\000N\000e\000t\000w\000o\000r\000k\000s}{}% 2
\BOOKMARK [1][-]{section.2.1}{\376\377\000D\000e\000r\000i\000v\000a\000t\000i\000o\000n}{chapter.2}% 3
\BOOKMARK [2][-]{subsection.2.1.1}{\376\377\000S\000e\000q\000u\000e\000n\000t\000i\000a\000l\000\040\000d\000y\000n\000a\000m\000i\000c\000s}{section.2.1}% 4
\BOOKMARK [2][-]{subsection.2.1.2}{\376\377\000S\000t\000o\000c\000h\000a\000s\000t\000i\000c\000\040\000m\000o\000d\000e\000l}{section.2.1}% 5
\BOOKMARK [1][-]{section.2.2}{\376\377\000S\000t\000a\000t\000i\000s\000t\000i\000c\000a\000l\000\040\000m\000e\000c\000h\000a\000n\000i\000c\000s\000\040\000p\000e\000r\000s\000p\000e\000c\000t\000i\000v\000e}{chapter.2}% 6
\BOOKMARK [2][-]{subsection.2.2.1}{\376\377\000C\000u\000r\000i\000e\000-\000W\000e\000i\000s\000s\000\040\000m\000o\000d\000e\000l}{section.2.2}% 7
\BOOKMARK [2][-]{subsection.2.2.2}{\376\377\000H\000o\000p\000f\000i\000e\000l\000d\000\040\000m\000o\000d\000e\000l}{section.2.2}% 8
\BOOKMARK [0][-]{chapter.3}{\376\377\000C\000o\000n\000t\000i\000n\000u\000o\000u\000s\000\040\000H\000o\000p\000f\000i\000e\000l\000d\000\040\000N\000e\000u\000r\000a\000l\000\040\000N\000e\000t\000w\000o\000r\000k\000s}{}% 9
\BOOKMARK [1][-]{section.3.1}{\376\377\000D\000e\000r\000i\000v\000a\000t\000i\000o\000n}{chapter.3}% 10
\BOOKMARK [1][-]{section.3.2}{\376\377\000P\000r\000o\000p\000e\000r\000t\000i\000e\000s}{chapter.3}% 11
\BOOKMARK [2][-]{subsection.3.2.1}{\376\377\000C\000o\000n\000v\000e\000r\000g\000e\000n\000c\000e}{section.3.2}% 12
\BOOKMARK [1][-]{section.3.3}{\376\377\000A\000n\000a\000l\000y\000s\000i\000s}{chapter.3}% 13
\BOOKMARK [1][-]{section.3.4}{\376\377\000C\000o\000m\000p\000a\000r\000i\000s\000o\000n\000\040\000w\000i\000t\000h\000\040\000d\000i\000s\000c\000r\000e\000t\000e\000\040\000H\000o\000p\000f\000i\000e\000l\000d\000\040\000n\000e\000t\000w\000o\000r\000k}{chapter.3}% 14
\BOOKMARK [0][-]{chapter.4}{\376\377\000A\000p\000p\000l\000i\000c\000a\000t\000i\000o\000n\000s}{}% 15
\BOOKMARK [1][-]{section.4.1}{\376\377\000I\000m\000p\000l\000e\000m\000e\000n\000t\000a\000t\000i\000o\000n\000s}{chapter.4}% 16
\BOOKMARK [1][-]{section.4.2}{\376\377\000D\000e\000e\000p\000H\000N\000N}{chapter.4}% 17
\BOOKMARK [1][-]{section.4.3}{\376\377\000C\000o\000n\000v\000H\000N\000N\0002\000d}{chapter.4}% 18
\BOOKMARK [1][-]{section.4.4}{\376\377\000V\000a\000r\000i\000a\000t\000i\000o\000n\000a\000l\000\040\000H\000o\000p\000f\000i\000e\000l\000d\000\040\000N\000e\000u\000r\000a\000l\000\040\000N\000e\000t\000w\000o\000r\000k\000\040\000\050\000V\000H\000N\000N\000\051}{chapter.4}% 19
\BOOKMARK [0][-]{chapter.5}{\376\377\000C\000o\000n\000c\000l\000u\000s\000i\000o\000n}{}% 20
\BOOKMARK [0][-]{section*.34}{\376\377\000B\000i\000b\000l\000i\000o\000g\000r\000a\000p\000h\000y}{}% 21
